<?xml version="1.0" encoding="UTF-8"?>
<!-- Generated by org.testng.reporters.JUnitXMLReporter -->
<testsuite ignored="5" hostname="LAPTOP-ES9UA65O" failures="3" tests="6" name="Basket" time="40.402" errors="0" timestamp="2023-03-05T22:17:24 CET">
  <testcase classname="com.telran.oscarlatestVersion.tests.RegisterPagePositiveTests" name="registerPositiveTest" time="8.671">
    <failure type="org.openqa.selenium.NoSuchElementException" message="Cannot locate an element using css selector=.alertinner.wicon
For documentation on this error, please visit: https://www.seleniumhq.org/exceptions/no_such_element.html
Build info: version: &amp;apos;3.141.59&amp;apos;, revision: &amp;apos;e82be7d358&amp;apos;, time: &amp;apos;2018-11-14T08:17:03&amp;apos;
System info: host: &amp;apos;LAPTOP-ES9UA65O&amp;apos;, ip: &amp;apos;192.168.2.32&amp;apos;, os.name: &amp;apos;Windows 10&amp;apos;, os.arch: &amp;apos;amd64&amp;apos;, os.version: &amp;apos;10.0&amp;apos;, java.version: &amp;apos;11.0.14&amp;apos;
Driver info: driver.version: RemoteWebDriver">
      <![CDATA[org.openqa.selenium.NoSuchElementException: Cannot locate an element using css selector=.alertinner.wicon
For documentation on this error, please visit: https://www.seleniumhq.org/exceptions/no_such_element.html
Build info: version: '3.141.59', revision: 'e82be7d358', time: '2018-11-14T08:17:03'
System info: host: 'LAPTOP-ES9UA65O', ip: '192.168.2.32', os.name: 'Windows 10', os.arch: 'amd64', os.version: '10.0', java.version: '11.0.14'
Driver info: driver.version: RemoteWebDriver
at org.openqa.selenium.remote.RemoteWebDriver.findElement(RemoteWebDriver.java:327)
at org.openqa.selenium.remote.RemoteWebDriver.findElementByCssSelector(RemoteWebDriver.java:420)
at org.openqa.selenium.By$ByCssSelector.findElement(By.java:431)
at org.openqa.selenium.remote.RemoteWebDriver.findElement(RemoteWebDriver.java:315)
at org.openqa.selenium.support.pagefactory.DefaultElementLocator.findElement(DefaultElementLocator.java:69)
at org.openqa.selenium.support.pagefactory.internal.LocatingElementHandler.invoke(LocatingElementHandler.java:38)
at com.sun.proxy.$Proxy9.getText(Unknown Source)
at com.telran.oscar.pages.HomePage.verifyTextThanksForRegistering(HomePage.java:47)
at com.telran.oscarlatestVersion.tests.RegisterPagePositiveTests.registerPositiveTest(RegisterPagePositiveTests.java:25)
at java.base/java.util.ArrayList.forEach(ArrayList.java:1541)
... Removed 31 stack frames]]>
    </failure>
  </testcase> <!-- registerPositiveTest -->
  <testcase classname="com.telran.oscarlatestVersion.tests.BasketPageTests" name="isBasketEmptyTest" time="0.421">
    <failure type="java.lang.AssertionError" message="expected [true] but found [false]">
      <![CDATA[java.lang.AssertionError: expected [true] but found [false]
at com.telran.oscarlatestVersion.tests.BasketPageTests.isBasketEmptyTest(BasketPageTests.java:22)
at java.base/java.util.ArrayList.forEach(ArrayList.java:1541)
... Removed 35 stack frames]]>
    </failure>
  </testcase> <!-- isBasketEmptyTest -->
  <testcase classname="com.telran.oscarlatestVersion.tests.BasketPageTests" name="addItemInBasketTest" time="0.84">
    <failure type="java.lang.AssertionError" message="expected [true] but found [false]">
      <![CDATA[java.lang.AssertionError: expected [true] but found [false]
at com.telran.oscarlatestVersion.tests.BasketPageTests.addItemInBasketTest(BasketPageTests.java:29)
at java.base/java.util.ArrayList.forEach(ArrayList.java:1541)
... Removed 35 stack frames]]>
    </failure>
  </testcase> <!-- addItemInBasketTest -->
  <testcase classname="com.telran.oscarlatestVersion.tests.BasketPageTests" name="isUpdateQuantityButtonFunctioningTest" time="3.285"/>
  <testcase classname="com.telran.oscarlatestVersion.tests.BasketPageTests" name="removeQuantityButtonTest" time="4.981"/>
  <testcase classname="com.telran.oscarlatestVersion.tests.BasketPageTests" name="proceedToCheckoutButtonTest" time="1.335"/>
  <testcase classname="com.telran.oscarlatestVersion.tests.BasketPageTests" name="compareItemWithTotalPriseTest" time="0.0">
    <ignored/>
  </testcase> <!-- compareItemWithTotalPriseTest -->
  <testcase classname="com.telran.oscarlatestVersion.tests.BasketPageTests" name="isUpdateQuantityWithSpinButtonFunctioningTest" time="0.0">
    <ignored/>
  </testcase> <!-- isUpdateQuantityWithSpinButtonFunctioningTest -->
  <testcase classname="com.telran.oscarlatestVersion.tests.BasketPageTests" name="buyBookTest" time="0.0">
    <ignored/>
  </testcase> <!-- buyBookTest -->
  <testcase classname="com.telran.oscarlatestVersion.tests.RegisterPagePositiveTests" name="registerPositiveWithDataProviderTest" time="0.0">
    <ignored/>
  </testcase> <!-- registerPositiveWithDataProviderTest -->
  <testcase classname="com.telran.oscarlatestVersion.tests.BasketPageTests" name="isUpdateQuantityWithSpinDecreaseButtonFunctioningTest" time="0.0">
    <ignored/>
  </testcase> <!-- isUpdateQuantityWithSpinDecreaseButtonFunctioningTest -->
</testsuite> <!-- Basket -->
