<!DOCTYPE html PUBLIC "-//W3C//DTD XHTML 1.1//EN" "http://www.w3.org/TR/xhtml11/DTD/xhtml11.dtd">
<html xmlns="http://www.w3.org/1999/xhtml">
<head>
<meta http-equiv="content-type" content="text/html; charset=UTF-8"/>
<title>TestNG Report</title>
<style type="text/css">table {margin-bottom:10px;border-collapse:collapse;empty-cells:show}th,td {border:1px solid #009;padding:.25em .5em}th {vertical-align:bottom}td {vertical-align:top}table a {font-weight:bold}.stripe td {background-color: #E6EBF9}.num {text-align:right}.passedodd td {background-color: #3F3}.passedeven td {background-color: #0A0}.skippedodd td {background-color: #DDD}.skippedeven td {background-color: #CCC}.failedodd td,.attn {background-color: #F33}.failedeven td,.stripe .attn {background-color: #D00}.stacktrace {white-space:pre;font-family:monospace}.totop {font-size:85%;text-align:center;border-bottom:2px solid #000}.invisible {display:none}</style>
</head>
<body>
<table>
<tr><th>Test</th><th># Passed</th><th># Skipped</th><th># Retried</th><th># Failed</th><th>Time (ms)</th><th>Included Groups</th><th>Excluded Groups</th></tr>
<tr><th colspan="8">Basket</th></tr>
<tr><td><a href="#t0">Basket</a></td><td class="num">3</td><td class="num">0</td><td class="num">0</td><td class="num attn">3</td><td class="num">40,402</td><td></td><td></td></tr>
</table>
<table id='summary'><thead><tr><th>Class</th><th>Method</th><th>Start</th><th>Time (ms)</th></tr></thead><tbody><tr><th colspan="4">Basket</th></tr></tbody><tbody id="t0"><tr><th colspan="4">Basket &#8212; failed</th></tr><tr class="failedeven"><td rowspan="2">com.telran.oscarlatestVersion.tests.BasketPageTests</td><td><a href="#m0">addItemInBasketTest</a></td><td rowspan="1">1678051023095</td><td rowspan="1">840</td></tr><tr class="failedeven"><td><a href="#m1">isBasketEmptyTest</a></td><td rowspan="1">1678051018694</td><td rowspan="1">421</td></tr><tr class="failedodd"><td rowspan="1">com.telran.oscarlatestVersion.tests.RegisterPagePositiveTests</td><td><a href="#m2">registerPositiveTest</a></td><td rowspan="1">1678051006909</td><td rowspan="1">8671</td></tr><tr><th colspan="4">Basket &#8212; passed</th></tr><tr class="passedeven"><td rowspan="3">com.telran.oscarlatestVersion.tests.BasketPageTests</td><td><a href="#m3">isUpdateQuantityButtonFunctioningTest</a></td><td rowspan="1">1678051027008</td><td rowspan="1">3285</td></tr><tr class="passedeven"><td><a href="#m4">proceedToCheckoutButtonTest</a></td><td rowspan="1">1678051043116</td><td rowspan="1">1335</td></tr><tr class="passedeven"><td><a href="#m5">removeQuantityButtonTest</a></td><td rowspan="1">1678051033605</td><td rowspan="1">4981</td></tr></tbody>
</table>
<h2>Basket</h2><h3 id="m0">com.telran.oscarlatestVersion.tests.BasketPageTests#addItemInBasketTest</h3><table class="result"><tr><th>Exception</th></tr><tr><td><div class="stacktrace">java.lang.AssertionError: expected [true] but found [false]
	at com.telran.oscarlatestVersion.tests.BasketPageTests.addItemInBasketTest(BasketPageTests.java:29)
	at java.base/java.util.ArrayList.forEach(ArrayList.java:1541)
... Removed 35 stack frames</div></td></tr></table><p class="totop"><a href="#summary">back to summary</a></p>
<h3 id="m1">com.telran.oscarlatestVersion.tests.BasketPageTests#isBasketEmptyTest</h3><table class="result"><tr><th>Exception</th></tr><tr><td><div class="stacktrace">java.lang.AssertionError: expected [true] but found [false]
	at com.telran.oscarlatestVersion.tests.BasketPageTests.isBasketEmptyTest(BasketPageTests.java:22)
	at java.base/java.util.ArrayList.forEach(ArrayList.java:1541)
... Removed 35 stack frames</div></td></tr></table><p class="totop"><a href="#summary">back to summary</a></p>
<h3 id="m2">com.telran.oscarlatestVersion.tests.RegisterPagePositiveTests#registerPositiveTest</h3><table class="result"><tr><th>Exception</th></tr><tr><td><div class="stacktrace">org.openqa.selenium.NoSuchElementException: Cannot locate an element using css selector=.alertinner.wicon
For documentation on this error, please visit: https://www.seleniumhq.org/exceptions/no_such_element.html
Build info: version: &apos;3.141.59&apos;, revision: &apos;e82be7d358&apos;, time: &apos;2018-11-14T08:17:03&apos;
System info: host: &apos;LAPTOP-ES9UA65O&apos;, ip: &apos;192.168.2.32&apos;, os.name: &apos;Windows 10&apos;, os.arch: &apos;amd64&apos;, os.version: &apos;10.0&apos;, java.version: &apos;11.0.14&apos;
Driver info: driver.version: RemoteWebDriver
	at org.openqa.selenium.remote.RemoteWebDriver.findElement(RemoteWebDriver.java:327)
	at org.openqa.selenium.remote.RemoteWebDriver.findElementByCssSelector(RemoteWebDriver.java:420)
	at org.openqa.selenium.By$ByCssSelector.findElement(By.java:431)
	at org.openqa.selenium.remote.RemoteWebDriver.findElement(RemoteWebDriver.java:315)
	at org.openqa.selenium.support.pagefactory.DefaultElementLocator.findElement(DefaultElementLocator.java:69)
	at org.openqa.selenium.support.pagefactory.internal.LocatingElementHandler.invoke(LocatingElementHandler.java:38)
	at com.sun.proxy.$Proxy9.getText(Unknown Source)
	at com.telran.oscar.pages.HomePage.verifyTextThanksForRegistering(HomePage.java:47)
	at com.telran.oscarlatestVersion.tests.RegisterPagePositiveTests.registerPositiveTest(RegisterPagePositiveTests.java:25)
	at java.base/java.util.ArrayList.forEach(ArrayList.java:1541)
... Removed 31 stack frames</div></td></tr></table><p class="totop"><a href="#summary">back to summary</a></p>
<h3 id="m3">com.telran.oscarlatestVersion.tests.BasketPageTests#isUpdateQuantityButtonFunctioningTest</h3><table class="result"><tr><th class="invisible"/></tr></table><p class="totop"><a href="#summary">back to summary</a></p>
<h3 id="m4">com.telran.oscarlatestVersion.tests.BasketPageTests#proceedToCheckoutButtonTest</h3><table class="result"><tr><th class="invisible"/></tr></table><p class="totop"><a href="#summary">back to summary</a></p>
<h3 id="m5">com.telran.oscarlatestVersion.tests.BasketPageTests#removeQuantityButtonTest</h3><table class="result"><tr><th class="invisible"/></tr></table><p class="totop"><a href="#summary">back to summary</a></p>
</body>
</html>
