<?xml version="1.0" encoding="UTF-8"?>
<testng-results ignored="5" total="11" passed="3" failed="3" skipped="0">
  <reporter-output>
  </reporter-output>
  <suite started-at="2023-03-05T22:16:44 CET" name="Basket" finished-at="2023-03-05T22:17:24 CET" duration-ms="40402">
    <groups>
    </groups>
    <test started-at="2023-03-05T22:16:44 CET" name="Basket" finished-at="2023-03-05T22:17:24 CET" duration-ms="40402">
      <class name="com.telran.oscarlatestVersion.tests.RegisterPagePositiveTests">
        <test-method is-config="true" signature="init()[pri:0, instance:com.telran.oscarlatestVersion.tests.RegisterPagePositiveTests@7c37508a]" started-at="2023-03-05T22:16:44 CET" name="init" finished-at="2023-03-05T22:16:46 CET" duration-ms="2561" status="PASS">
          <reporter-output>
          </reporter-output>
        </test-method> <!-- init -->
        <test-method is-config="true" signature="ensurePreconditions()[pri:0, instance:com.telran.oscarlatestVersion.tests.RegisterPagePositiveTests@7c37508a]" started-at="2023-03-05T22:16:46 CET" name="ensurePreconditions" finished-at="2023-03-05T22:16:46 CET" duration-ms="283" status="PASS">
          <reporter-output>
          </reporter-output>
        </test-method> <!-- ensurePreconditions -->
        <test-method is-config="true" signature="startTest(java.lang.reflect.Method, [Ljava.lang.Object;)[pri:0, instance:com.telran.oscarlatestVersion.tests.RegisterPagePositiveTests@7c37508a]" started-at="2023-03-05T22:16:46 CET" name="startTest" finished-at="2023-03-05T22:16:46 CET" duration-ms="0" status="PASS">
          <params>
            <param index="0">
              <value>
                <![CDATA[public void com.telran.oscarlatestVersion.tests.RegisterPagePositiveTests.registerPositiveTest()]]>
              </value>
            </param>
            <param index="1">
              <value>
                <![CDATA[[Ljava.lang.Object;@421056e5]]>
              </value>
            </param>
          </params>
          <reporter-output>
          </reporter-output>
        </test-method> <!-- startTest -->
        <test-method signature="registerPositiveTest()[pri:0, instance:com.telran.oscarlatestVersion.tests.RegisterPagePositiveTests@7c37508a]" started-at="2023-03-05T22:16:46 CET" name="registerPositiveTest" finished-at="2023-03-05T22:16:55 CET" duration-ms="8671" status="FAIL">
          <exception class="org.openqa.selenium.NoSuchElementException">
            <message>
              <![CDATA[Cannot locate an element using css selector=.alertinner.wicon
For documentation on this error, please visit: https://www.seleniumhq.org/exceptions/no_such_element.html
Build info: version: '3.141.59', revision: 'e82be7d358', time: '2018-11-14T08:17:03'
System info: host: 'LAPTOP-ES9UA65O', ip: '192.168.2.32', os.name: 'Windows 10', os.arch: 'amd64', os.version: '10.0', java.version: '11.0.14'
Driver info: driver.version: RemoteWebDriver]]>
            </message>
            <full-stacktrace>
              <![CDATA[org.openqa.selenium.NoSuchElementException: Cannot locate an element using css selector=.alertinner.wicon
For documentation on this error, please visit: https://www.seleniumhq.org/exceptions/no_such_element.html
Build info: version: '3.141.59', revision: 'e82be7d358', time: '2018-11-14T08:17:03'
System info: host: 'LAPTOP-ES9UA65O', ip: '192.168.2.32', os.name: 'Windows 10', os.arch: 'amd64', os.version: '10.0', java.version: '11.0.14'
Driver info: driver.version: RemoteWebDriver
at org.openqa.selenium.remote.RemoteWebDriver.findElement(RemoteWebDriver.java:327)
at org.openqa.selenium.remote.RemoteWebDriver.findElementByCssSelector(RemoteWebDriver.java:420)
at org.openqa.selenium.By$ByCssSelector.findElement(By.java:431)
at org.openqa.selenium.remote.RemoteWebDriver.findElement(RemoteWebDriver.java:315)
at org.openqa.selenium.support.pagefactory.DefaultElementLocator.findElement(DefaultElementLocator.java:69)
at org.openqa.selenium.support.pagefactory.internal.LocatingElementHandler.invoke(LocatingElementHandler.java:38)
at com.sun.proxy.$Proxy9.getText(Unknown Source)
at com.telran.oscar.pages.HomePage.verifyTextThanksForRegistering(HomePage.java:47)
at com.telran.oscarlatestVersion.tests.RegisterPagePositiveTests.registerPositiveTest(RegisterPagePositiveTests.java:25)
at java.base/jdk.internal.reflect.NativeMethodAccessorImpl.invoke0(Native Method)
at java.base/jdk.internal.reflect.NativeMethodAccessorImpl.invoke(NativeMethodAccessorImpl.java:62)
at java.base/jdk.internal.reflect.DelegatingMethodAccessorImpl.invoke(DelegatingMethodAccessorImpl.java:43)
at java.base/java.lang.reflect.Method.invoke(Method.java:566)
at org.testng.internal.MethodInvocationHelper.invokeMethod(MethodInvocationHelper.java:134)
at org.testng.internal.TestInvoker.invokeMethod(TestInvoker.java:597)
at org.testng.internal.TestInvoker.invokeTestMethod(TestInvoker.java:173)
at org.testng.internal.MethodRunner.runInSequence(MethodRunner.java:46)
at org.testng.internal.TestInvoker$MethodInvocationAgent.invoke(TestInvoker.java:816)
at org.testng.internal.TestInvoker.invokeTestMethods(TestInvoker.java:146)
at org.testng.internal.TestMethodWorker.invokeTestMethods(TestMethodWorker.java:146)
at org.testng.internal.TestMethodWorker.run(TestMethodWorker.java:128)
at java.base/java.util.ArrayList.forEach(ArrayList.java:1541)
at org.testng.TestRunner.privateRun(TestRunner.java:766)
at org.testng.TestRunner.run(TestRunner.java:587)
at org.testng.SuiteRunner.runTest(SuiteRunner.java:384)
at org.testng.SuiteRunner.runSequentially(SuiteRunner.java:378)
at org.testng.SuiteRunner.privateRun(SuiteRunner.java:337)
at org.testng.SuiteRunner.run(SuiteRunner.java:286)
at org.testng.SuiteRunnerWorker.runSuite(SuiteRunnerWorker.java:53)
at org.testng.SuiteRunnerWorker.run(SuiteRunnerWorker.java:96)
at org.testng.TestNG.runSuitesSequentially(TestNG.java:1187)
at org.testng.TestNG.runSuitesLocally(TestNG.java:1109)
at org.testng.TestNG.runSuites(TestNG.java:1039)
at org.testng.TestNG.run(TestNG.java:1007)
at org.apache.maven.surefire.testng.TestNGExecutor.run(TestNGExecutor.java:283)
at org.apache.maven.surefire.testng.TestNGXmlTestSuite.execute(TestNGXmlTestSuite.java:75)
at org.apache.maven.surefire.testng.TestNGProvider.invoke(TestNGProvider.java:120)
at org.apache.maven.surefire.booter.ForkedBooter.invokeProviderInSameClassLoader(ForkedBooter.java:379)
at org.apache.maven.surefire.booter.ForkedBooter.runSuitesInProcess(ForkedBooter.java:340)
at org.apache.maven.surefire.booter.ForkedBooter.execute(ForkedBooter.java:125)
at org.apache.maven.surefire.booter.ForkedBooter.main(ForkedBooter.java:413)
]]>
            </full-stacktrace>
          </exception> <!-- org.openqa.selenium.NoSuchElementException -->
          <reporter-output>
          </reporter-output>
        </test-method> <!-- registerPositiveTest -->
        <test-method is-config="true" signature="stopTest(org.testng.ITestResult)[pri:0, instance:com.telran.oscarlatestVersion.tests.RegisterPagePositiveTests@7c37508a]" started-at="2023-03-05T22:16:55 CET" name="stopTest" finished-at="2023-03-05T22:16:55 CET" duration-ms="0" status="PASS">
          <params>
            <param index="0">
              <value>
                <![CDATA[[TestResult name=registerPositiveTest status=FAILURE method=RegisterPagePositiveTests.registerPositiveTest()[pri:0, instance:com.telran.oscarlatestVersion.tests.RegisterPagePositiveTests@7c37508a] output={null}]]]>
              </value>
            </param>
          </params>
          <reporter-output>
          </reporter-output>
        </test-method> <!-- stopTest -->
      </class> <!-- com.telran.oscarlatestVersion.tests.RegisterPagePositiveTests -->
      <class name="com.telran.oscarlatestVersion.tests.BasketPageTests">
        <test-method is-config="true" signature="init()[pri:0, instance:com.telran.oscarlatestVersion.tests.BasketPageTests@247310d0]" started-at="2023-03-05T22:16:55 CET" name="init" finished-at="2023-03-05T22:16:57 CET" duration-ms="1655" status="PASS">
          <reporter-output>
          </reporter-output>
        </test-method> <!-- init -->
        <test-method is-config="true" signature="ensurePrecondition()[pri:0, instance:com.telran.oscarlatestVersion.tests.BasketPageTests@247310d0]" started-at="2023-03-05T22:16:57 CET" name="ensurePrecondition" finished-at="2023-03-05T22:16:58 CET" duration-ms="1443" status="PASS">
          <reporter-output>
          </reporter-output>
        </test-method> <!-- ensurePrecondition -->
        <test-method is-config="true" signature="startTest(java.lang.reflect.Method, [Ljava.lang.Object;)[pri:0, instance:com.telran.oscarlatestVersion.tests.BasketPageTests@247310d0]" started-at="2023-03-05T22:16:57 CET" name="startTest" finished-at="2023-03-05T22:16:57 CET" duration-ms="0" status="PASS">
          <params>
            <param index="0">
              <value>
                <![CDATA[public void com.telran.oscarlatestVersion.tests.BasketPageTests.isBasketEmptyTest()]]>
              </value>
            </param>
            <param index="1">
              <value>
                <![CDATA[[Ljava.lang.Object;@255eaa6b]]>
              </value>
            </param>
          </params>
          <reporter-output>
          </reporter-output>
        </test-method> <!-- startTest -->
        <test-method signature="isBasketEmptyTest()[pri:1, instance:com.telran.oscarlatestVersion.tests.BasketPageTests@247310d0]" started-at="2023-03-05T22:16:58 CET" name="isBasketEmptyTest" finished-at="2023-03-05T22:16:59 CET" duration-ms="421" status="FAIL">
          <exception class="java.lang.AssertionError">
            <message>
              <![CDATA[expected [true] but found [false]]]>
            </message>
            <full-stacktrace>
              <![CDATA[java.lang.AssertionError: expected [true] but found [false]
at org.testng.Assert.fail(Assert.java:97)
at org.testng.Assert.failNotEquals(Assert.java:969)
at org.testng.Assert.assertTrue(Assert.java:43)
at org.testng.Assert.assertTrue(Assert.java:53)
at com.telran.oscarlatestVersion.tests.BasketPageTests.isBasketEmptyTest(BasketPageTests.java:22)
at java.base/jdk.internal.reflect.NativeMethodAccessorImpl.invoke0(Native Method)
at java.base/jdk.internal.reflect.NativeMethodAccessorImpl.invoke(NativeMethodAccessorImpl.java:62)
at java.base/jdk.internal.reflect.DelegatingMethodAccessorImpl.invoke(DelegatingMethodAccessorImpl.java:43)
at java.base/java.lang.reflect.Method.invoke(Method.java:566)
at org.testng.internal.MethodInvocationHelper.invokeMethod(MethodInvocationHelper.java:134)
at org.testng.internal.TestInvoker.invokeMethod(TestInvoker.java:597)
at org.testng.internal.TestInvoker.invokeTestMethod(TestInvoker.java:173)
at org.testng.internal.MethodRunner.runInSequence(MethodRunner.java:46)
at org.testng.internal.TestInvoker$MethodInvocationAgent.invoke(TestInvoker.java:816)
at org.testng.internal.TestInvoker.invokeTestMethods(TestInvoker.java:146)
at org.testng.internal.TestMethodWorker.invokeTestMethods(TestMethodWorker.java:146)
at org.testng.internal.TestMethodWorker.run(TestMethodWorker.java:128)
at java.base/java.util.ArrayList.forEach(ArrayList.java:1541)
at org.testng.TestRunner.privateRun(TestRunner.java:766)
at org.testng.TestRunner.run(TestRunner.java:587)
at org.testng.SuiteRunner.runTest(SuiteRunner.java:384)
at org.testng.SuiteRunner.runSequentially(SuiteRunner.java:378)
at org.testng.SuiteRunner.privateRun(SuiteRunner.java:337)
at org.testng.SuiteRunner.run(SuiteRunner.java:286)
at org.testng.SuiteRunnerWorker.runSuite(SuiteRunnerWorker.java:53)
at org.testng.SuiteRunnerWorker.run(SuiteRunnerWorker.java:96)
at org.testng.TestNG.runSuitesSequentially(TestNG.java:1187)
at org.testng.TestNG.runSuitesLocally(TestNG.java:1109)
at org.testng.TestNG.runSuites(TestNG.java:1039)
at org.testng.TestNG.run(TestNG.java:1007)
at org.apache.maven.surefire.testng.TestNGExecutor.run(TestNGExecutor.java:283)
at org.apache.maven.surefire.testng.TestNGXmlTestSuite.execute(TestNGXmlTestSuite.java:75)
at org.apache.maven.surefire.testng.TestNGProvider.invoke(TestNGProvider.java:120)
at org.apache.maven.surefire.booter.ForkedBooter.invokeProviderInSameClassLoader(ForkedBooter.java:379)
at org.apache.maven.surefire.booter.ForkedBooter.runSuitesInProcess(ForkedBooter.java:340)
at org.apache.maven.surefire.booter.ForkedBooter.execute(ForkedBooter.java:125)
at org.apache.maven.surefire.booter.ForkedBooter.main(ForkedBooter.java:413)
]]>
            </full-stacktrace>
          </exception> <!-- java.lang.AssertionError -->
          <reporter-output>
          </reporter-output>
        </test-method> <!-- isBasketEmptyTest -->
        <test-method is-config="true" signature="stopTest(org.testng.ITestResult)[pri:0, instance:com.telran.oscarlatestVersion.tests.BasketPageTests@247310d0]" started-at="2023-03-05T22:16:59 CET" name="stopTest" finished-at="2023-03-05T22:16:59 CET" duration-ms="0" status="PASS">
          <params>
            <param index="0">
              <value>
                <![CDATA[[TestResult name=isBasketEmptyTest status=FAILURE method=BasketPageTests.isBasketEmptyTest()[pri:1, instance:com.telran.oscarlatestVersion.tests.BasketPageTests@247310d0] output={null}]]]>
              </value>
            </param>
          </params>
          <reporter-output>
          </reporter-output>
        </test-method> <!-- stopTest -->
        <test-method is-config="true" signature="init()[pri:0, instance:com.telran.oscarlatestVersion.tests.BasketPageTests@247310d0]" started-at="2023-03-05T22:16:59 CET" name="init" finished-at="2023-03-05T22:17:00 CET" duration-ms="1512" status="PASS">
          <reporter-output>
          </reporter-output>
        </test-method> <!-- init -->
        <test-method is-config="true" signature="startTest(java.lang.reflect.Method, [Ljava.lang.Object;)[pri:0, instance:com.telran.oscarlatestVersion.tests.BasketPageTests@247310d0]" started-at="2023-03-05T22:17:00 CET" name="startTest" finished-at="2023-03-05T22:17:00 CET" duration-ms="0" status="PASS">
          <params>
            <param index="0">
              <value>
                <![CDATA[public void com.telran.oscarlatestVersion.tests.BasketPageTests.addItemInBasketTest()]]>
              </value>
            </param>
            <param index="1">
              <value>
                <![CDATA[[Ljava.lang.Object;@476fe690]]>
              </value>
            </param>
          </params>
          <reporter-output>
          </reporter-output>
        </test-method> <!-- startTest -->
        <test-method is-config="true" signature="ensurePrecondition()[pri:0, instance:com.telran.oscarlatestVersion.tests.BasketPageTests@247310d0]" started-at="2023-03-05T22:17:00 CET" name="ensurePrecondition" finished-at="2023-03-05T22:17:03 CET" duration-ms="2466" status="PASS">
          <reporter-output>
          </reporter-output>
        </test-method> <!-- ensurePrecondition -->
        <test-method signature="addItemInBasketTest()[pri:2, instance:com.telran.oscarlatestVersion.tests.BasketPageTests@247310d0]" started-at="2023-03-05T22:17:03 CET" name="addItemInBasketTest" finished-at="2023-03-05T22:17:03 CET" duration-ms="840" status="FAIL">
          <exception class="java.lang.AssertionError">
            <message>
              <![CDATA[expected [true] but found [false]]]>
            </message>
            <full-stacktrace>
              <![CDATA[java.lang.AssertionError: expected [true] but found [false]
at org.testng.Assert.fail(Assert.java:97)
at org.testng.Assert.failNotEquals(Assert.java:969)
at org.testng.Assert.assertTrue(Assert.java:43)
at org.testng.Assert.assertTrue(Assert.java:53)
at com.telran.oscarlatestVersion.tests.BasketPageTests.addItemInBasketTest(BasketPageTests.java:29)
at java.base/jdk.internal.reflect.NativeMethodAccessorImpl.invoke0(Native Method)
at java.base/jdk.internal.reflect.NativeMethodAccessorImpl.invoke(NativeMethodAccessorImpl.java:62)
at java.base/jdk.internal.reflect.DelegatingMethodAccessorImpl.invoke(DelegatingMethodAccessorImpl.java:43)
at java.base/java.lang.reflect.Method.invoke(Method.java:566)
at org.testng.internal.MethodInvocationHelper.invokeMethod(MethodInvocationHelper.java:134)
at org.testng.internal.TestInvoker.invokeMethod(TestInvoker.java:597)
at org.testng.internal.TestInvoker.invokeTestMethod(TestInvoker.java:173)
at org.testng.internal.MethodRunner.runInSequence(MethodRunner.java:46)
at org.testng.internal.TestInvoker$MethodInvocationAgent.invoke(TestInvoker.java:816)
at org.testng.internal.TestInvoker.invokeTestMethods(TestInvoker.java:146)
at org.testng.internal.TestMethodWorker.invokeTestMethods(TestMethodWorker.java:146)
at org.testng.internal.TestMethodWorker.run(TestMethodWorker.java:128)
at java.base/java.util.ArrayList.forEach(ArrayList.java:1541)
at org.testng.TestRunner.privateRun(TestRunner.java:766)
at org.testng.TestRunner.run(TestRunner.java:587)
at org.testng.SuiteRunner.runTest(SuiteRunner.java:384)
at org.testng.SuiteRunner.runSequentially(SuiteRunner.java:378)
at org.testng.SuiteRunner.privateRun(SuiteRunner.java:337)
at org.testng.SuiteRunner.run(SuiteRunner.java:286)
at org.testng.SuiteRunnerWorker.runSuite(SuiteRunnerWorker.java:53)
at org.testng.SuiteRunnerWorker.run(SuiteRunnerWorker.java:96)
at org.testng.TestNG.runSuitesSequentially(TestNG.java:1187)
at org.testng.TestNG.runSuitesLocally(TestNG.java:1109)
at org.testng.TestNG.runSuites(TestNG.java:1039)
at org.testng.TestNG.run(TestNG.java:1007)
at org.apache.maven.surefire.testng.TestNGExecutor.run(TestNGExecutor.java:283)
at org.apache.maven.surefire.testng.TestNGXmlTestSuite.execute(TestNGXmlTestSuite.java:75)
at org.apache.maven.surefire.testng.TestNGProvider.invoke(TestNGProvider.java:120)
at org.apache.maven.surefire.booter.ForkedBooter.invokeProviderInSameClassLoader(ForkedBooter.java:379)
at org.apache.maven.surefire.booter.ForkedBooter.runSuitesInProcess(ForkedBooter.java:340)
at org.apache.maven.surefire.booter.ForkedBooter.execute(ForkedBooter.java:125)
at org.apache.maven.surefire.booter.ForkedBooter.main(ForkedBooter.java:413)
]]>
            </full-stacktrace>
          </exception> <!-- java.lang.AssertionError -->
          <reporter-output>
          </reporter-output>
        </test-method> <!-- addItemInBasketTest -->
        <test-method is-config="true" signature="stopTest(org.testng.ITestResult)[pri:0, instance:com.telran.oscarlatestVersion.tests.BasketPageTests@247310d0]" started-at="2023-03-05T22:17:03 CET" name="stopTest" finished-at="2023-03-05T22:17:03 CET" duration-ms="0" status="PASS">
          <params>
            <param index="0">
              <value>
                <![CDATA[[TestResult name=addItemInBasketTest status=FAILURE method=BasketPageTests.addItemInBasketTest()[pri:2, instance:com.telran.oscarlatestVersion.tests.BasketPageTests@247310d0] output={null}]]]>
              </value>
            </param>
          </params>
          <reporter-output>
          </reporter-output>
        </test-method> <!-- stopTest -->
        <test-method is-config="true" signature="init()[pri:0, instance:com.telran.oscarlatestVersion.tests.BasketPageTests@247310d0]" started-at="2023-03-05T22:17:03 CET" name="init" finished-at="2023-03-05T22:17:05 CET" duration-ms="1673" status="PASS">
          <reporter-output>
          </reporter-output>
        </test-method> <!-- init -->
        <test-method is-config="true" signature="ensurePrecondition()[pri:0, instance:com.telran.oscarlatestVersion.tests.BasketPageTests@247310d0]" started-at="2023-03-05T22:17:05 CET" name="ensurePrecondition" finished-at="2023-03-05T22:17:07 CET" duration-ms="1397" status="PASS">
          <reporter-output>
          </reporter-output>
        </test-method> <!-- ensurePrecondition -->
        <test-method is-config="true" signature="startTest(java.lang.reflect.Method, [Ljava.lang.Object;)[pri:0, instance:com.telran.oscarlatestVersion.tests.BasketPageTests@247310d0]" started-at="2023-03-05T22:17:05 CET" name="startTest" finished-at="2023-03-05T22:17:05 CET" duration-ms="0" status="PASS">
          <params>
            <param index="0">
              <value>
                <![CDATA[public void com.telran.oscarlatestVersion.tests.BasketPageTests.isUpdateQuantityButtonFunctioningTest()]]>
              </value>
            </param>
            <param index="1">
              <value>
                <![CDATA[[Ljava.lang.Object;@7a0e7ecd]]>
              </value>
            </param>
          </params>
          <reporter-output>
          </reporter-output>
        </test-method> <!-- startTest -->
        <test-method signature="isUpdateQuantityButtonFunctioningTest()[pri:3, instance:com.telran.oscarlatestVersion.tests.BasketPageTests@247310d0]" started-at="2023-03-05T22:17:07 CET" name="isUpdateQuantityButtonFunctioningTest" finished-at="2023-03-05T22:17:10 CET" duration-ms="3285" status="PASS">
          <reporter-output>
          </reporter-output>
        </test-method> <!-- isUpdateQuantityButtonFunctioningTest -->
        <test-method is-config="true" signature="init()[pri:0, instance:com.telran.oscarlatestVersion.tests.BasketPageTests@247310d0]" started-at="2023-03-05T22:17:10 CET" name="init" finished-at="2023-03-05T22:17:11 CET" duration-ms="1640" status="PASS">
          <reporter-output>
          </reporter-output>
        </test-method> <!-- init -->
        <test-method is-config="true" signature="stopTest(org.testng.ITestResult)[pri:0, instance:com.telran.oscarlatestVersion.tests.BasketPageTests@247310d0]" started-at="2023-03-05T22:17:10 CET" name="stopTest" finished-at="2023-03-05T22:17:10 CET" duration-ms="0" status="PASS">
          <params>
            <param index="0">
              <value>
                <![CDATA[[TestResult name=isUpdateQuantityButtonFunctioningTest status=SUCCESS method=BasketPageTests.isUpdateQuantityButtonFunctioningTest()[pri:3, instance:com.telran.oscarlatestVersion.tests.BasketPageTests@247310d0] output={null}]]]>
              </value>
            </param>
          </params>
          <reporter-output>
          </reporter-output>
        </test-method> <!-- stopTest -->
        <test-method is-config="true" signature="startTest(java.lang.reflect.Method, [Ljava.lang.Object;)[pri:0, instance:com.telran.oscarlatestVersion.tests.BasketPageTests@247310d0]" started-at="2023-03-05T22:17:11 CET" name="startTest" finished-at="2023-03-05T22:17:11 CET" duration-ms="1" status="PASS">
          <params>
            <param index="0">
              <value>
                <![CDATA[public void com.telran.oscarlatestVersion.tests.BasketPageTests.removeQuantityButtonTest()]]>
              </value>
            </param>
            <param index="1">
              <value>
                <![CDATA[[Ljava.lang.Object;@54e3658c]]>
              </value>
            </param>
          </params>
          <reporter-output>
          </reporter-output>
        </test-method> <!-- startTest -->
        <test-method is-config="true" signature="ensurePrecondition()[pri:0, instance:com.telran.oscarlatestVersion.tests.BasketPageTests@247310d0]" started-at="2023-03-05T22:17:11 CET" name="ensurePrecondition" finished-at="2023-03-05T22:17:13 CET" duration-ms="1671" status="PASS">
          <reporter-output>
          </reporter-output>
        </test-method> <!-- ensurePrecondition -->
        <test-method signature="removeQuantityButtonTest()[pri:4, instance:com.telran.oscarlatestVersion.tests.BasketPageTests@247310d0]" started-at="2023-03-05T22:17:13 CET" name="removeQuantityButtonTest" finished-at="2023-03-05T22:17:18 CET" duration-ms="4981" status="PASS">
          <reporter-output>
          </reporter-output>
        </test-method> <!-- removeQuantityButtonTest -->
        <test-method is-config="true" signature="stopTest(org.testng.ITestResult)[pri:0, instance:com.telran.oscarlatestVersion.tests.BasketPageTests@247310d0]" started-at="2023-03-05T22:17:18 CET" name="stopTest" finished-at="2023-03-05T22:17:18 CET" duration-ms="0" status="PASS">
          <params>
            <param index="0">
              <value>
                <![CDATA[[TestResult name=removeQuantityButtonTest status=SUCCESS method=BasketPageTests.removeQuantityButtonTest()[pri:4, instance:com.telran.oscarlatestVersion.tests.BasketPageTests@247310d0] output={null}]]]>
              </value>
            </param>
          </params>
          <reporter-output>
          </reporter-output>
        </test-method> <!-- stopTest -->
        <test-method is-config="true" signature="init()[pri:0, instance:com.telran.oscarlatestVersion.tests.BasketPageTests@247310d0]" started-at="2023-03-05T22:17:18 CET" name="init" finished-at="2023-03-05T22:17:21 CET" duration-ms="2922" status="PASS">
          <reporter-output>
          </reporter-output>
        </test-method> <!-- init -->
        <test-method is-config="true" signature="ensurePrecondition()[pri:0, instance:com.telran.oscarlatestVersion.tests.BasketPageTests@247310d0]" started-at="2023-03-05T22:17:21 CET" name="ensurePrecondition" finished-at="2023-03-05T22:17:23 CET" duration-ms="1606" status="PASS">
          <reporter-output>
          </reporter-output>
        </test-method> <!-- ensurePrecondition -->
        <test-method is-config="true" signature="startTest(java.lang.reflect.Method, [Ljava.lang.Object;)[pri:0, instance:com.telran.oscarlatestVersion.tests.BasketPageTests@247310d0]" started-at="2023-03-05T22:17:21 CET" name="startTest" finished-at="2023-03-05T22:17:21 CET" duration-ms="0" status="PASS">
          <params>
            <param index="0">
              <value>
                <![CDATA[public void com.telran.oscarlatestVersion.tests.BasketPageTests.proceedToCheckoutButtonTest()]]>
              </value>
            </param>
            <param index="1">
              <value>
                <![CDATA[[Ljava.lang.Object;@43e9089]]>
              </value>
            </param>
          </params>
          <reporter-output>
          </reporter-output>
        </test-method> <!-- startTest -->
        <test-method signature="proceedToCheckoutButtonTest()[pri:5, instance:com.telran.oscarlatestVersion.tests.BasketPageTests@247310d0]" started-at="2023-03-05T22:17:23 CET" name="proceedToCheckoutButtonTest" finished-at="2023-03-05T22:17:24 CET" duration-ms="1335" status="PASS">
          <reporter-output>
          </reporter-output>
        </test-method> <!-- proceedToCheckoutButtonTest -->
        <test-method is-config="true" signature="stopTest(org.testng.ITestResult)[pri:0, instance:com.telran.oscarlatestVersion.tests.BasketPageTests@247310d0]" started-at="2023-03-05T22:17:24 CET" name="stopTest" finished-at="2023-03-05T22:17:24 CET" duration-ms="0" status="PASS">
          <params>
            <param index="0">
              <value>
                <![CDATA[[TestResult name=proceedToCheckoutButtonTest status=SUCCESS method=BasketPageTests.proceedToCheckoutButtonTest()[pri:5, instance:com.telran.oscarlatestVersion.tests.BasketPageTests@247310d0] output={null}]]]>
              </value>
            </param>
          </params>
          <reporter-output>
          </reporter-output>
        </test-method> <!-- stopTest -->
      </class> <!-- com.telran.oscarlatestVersion.tests.BasketPageTests -->
    </test> <!-- Basket -->
  </suite> <!-- Basket -->
</testng-results>
